# JRE version: OpenJDK Runtime Environment (21.0.5) (build 21.0.5+-12932927-b750.29)
# Java VM: OpenJDK 64-Bit Server VM (21.0.5+-12932927-b750.29, mixed mode, tiered, compressed oops, compressed class ptrs, g1 gc, windows-amd64)
GC Precious Log:
 CardTable entry size: 512
 Card Set container configuration: InlinePtr #cards 5 size 8 Array Of Cards #cards 12 size 40 Howl #buckets 4 coarsen threshold 1843 Howl Bitmap #cards 512 size 80 coarsen threshold 460 Card regions per heap region 1 cards per card region 2048
 CPUs: 4 total, 4 available
 Memory: 3933M
 Large Page Support: Disabled
 NUMA Support: Disabled
 Compressed Oops: Enabled (32-bit)
 Heap Region Size: 1M
 Heap Min Capacity: 8M
 Heap Initial Capacity: 62M
 Heap Max Capacity: 2G
 Pre-touch: Disabled
 Parallel Workers: 4
 Concurrent Workers: 1
 Concurrent Refinement Workers: 4
 Periodic GC: Disabled
Heap:
 garbage-first heap   total 299008K, used 172069K [0x0000000080000000, 0x0000000100000000)
  region size 1024K, 15 young (15360K), 13 survivors (13312K)
 Metaspace       used 126027K, committed 128320K, reserved 1179648K
  class space    used 16838K, committed 17984K, reserved 1048576K
GC Heap History (20 events):
Event: 19.817 GC heap before
{Heap before GC invocations=42 (full 0):
 garbage-first heap   total 176128K, used 158929K [0x0000000080000000, 0x0000000100000000)
  region size 1024K, 66 young (67584K), 6 survivors (6144K)
 Metaspace       used 108209K, committed 110336K, reserved 1179648K
  class space    used 14836K, committed 15872K, reserved 1048576K
}
Event: 19.829 GC heap after
{Heap after GC invocations=43 (full 0):
 garbage-first heap   total 176128K, used 99317K [0x0000000080000000, 0x0000000100000000)
  region size 1024K, 7 young (7168K), 7 survivors (7168K)
 Metaspace       used 108209K, committed 110336K, reserved 1179648K
  class space    used 14836K, committed 15872K, reserved 1048576K
}
Event: 21.333 GC heap before
{Heap before GC invocations=43 (full 0):
 garbage-first heap   total 176128K, used 158709K [0x0000000080000000, 0x0000000100000000)
  region size 1024K, 65 young (66560K), 7 survivors (7168K)
 Metaspace       used 111528K, committed 113664K, reserved 1179648K
  class space    used 15308K, committed 16384K, reserved 1048576K
}
Event: 21.350 GC heap after
{Heap after GC invocations=44 (full 0):
 garbage-first heap   total 176128K, used 106767K [0x0000000080000000, 0x0000000100000000)
  region size 1024K, 9 young (9216K), 9 survivors (9216K)
 Metaspace       used 111528K, committed 113664K, reserved 1179648K
  class space    used 15308K, committed 16384K, reserved 1048576K
}
Event: 21.843 GC heap before
{Heap before GC invocations=45 (full 0):
 garbage-first heap   total 179200K, used 154895K [0x0000000080000000, 0x0000000100000000)
  region size 1024K, 57 young (58368K), 9 survivors (9216K)
 Metaspace       used 111531K, committed 113664K, reserved 1179648K
  class space    used 15308K, committed 16384K, reserved 1048576K
}
Event: 21.856 GC heap after
{Heap after GC invocations=46 (full 0):
 garbage-first heap   total 179200K, used 110848K [0x0000000080000000, 0x0000000100000000)
  region size 1024K, 4 young (4096K), 4 survivors (4096K)
 Metaspace       used 111531K, committed 113664K, reserved 1179648K
  class space    used 15308K, committed 16384K, reserved 1048576K
}
Event: 22.694 GC heap before
{Heap before GC invocations=46 (full 0):
 garbage-first heap   total 179200K, used 171264K [0x0000000080000000, 0x0000000100000000)
  region size 1024K, 56 young (57344K), 4 survivors (4096K)
 Metaspace       used 114554K, committed 116736K, reserved 1179648K
  class space    used 15624K, committed 16704K, reserved 1048576K
}
Event: 22.714 GC heap after
{Heap after GC invocations=47 (full 0):
 garbage-first heap   total 230400K, used 122216K [0x0000000080000000, 0x0000000100000000)
  region size 1024K, 7 young (7168K), 7 survivors (7168K)
 Metaspace       used 114554K, committed 116736K, reserved 1179648K
  class space    used 15624K, committed 16704K, reserved 1048576K
}
Event: 23.889 GC heap before
{Heap before GC invocations=47 (full 0):
 garbage-first heap   total 230400K, used 205160K [0x0000000080000000, 0x0000000100000000)
  region size 1024K, 82 young (83968K), 7 survivors (7168K)
 Metaspace       used 116501K, committed 118720K, reserved 1179648K
  class space    used 15856K, committed 16960K, reserved 1048576K
}
Event: 23.915 GC heap after
{Heap after GC invocations=48 (full 0):
 garbage-first heap   total 234496K, used 142848K [0x0000000080000000, 0x0000000100000000)
  region size 1024K, 11 young (11264K), 11 survivors (11264K)
 Metaspace       used 116501K, committed 118720K, reserved 1179648K
  class space    used 15856K, committed 16960K, reserved 1048576K
}
Event: 24.454 GC heap before
{Heap before GC invocations=48 (full 0):
 garbage-first heap   total 234496K, used 172544K [0x0000000080000000, 0x0000000100000000)
  region size 1024K, 41 young (41984K), 11 survivors (11264K)
 Metaspace       used 117768K, committed 119936K, reserved 1179648K
  class space    used 15995K, committed 17088K, reserved 1048576K
}
Event: 24.475 GC heap after
{Heap after GC invocations=49 (full 0):
 garbage-first heap   total 234496K, used 153088K [0x0000000080000000, 0x0000000100000000)
  region size 1024K, 9 young (9216K), 9 survivors (9216K)
 Metaspace       used 117768K, committed 119936K, reserved 1179648K
  class space    used 15995K, committed 17088K, reserved 1048576K
}
Event: 26.021 GC heap before
{Heap before GC invocations=50 (full 0):
 garbage-first heap   total 299008K, used 229888K [0x0000000080000000, 0x0000000100000000)
  region size 1024K, 60 young (61440K), 9 survivors (9216K)
 Metaspace       used 120643K, committed 122880K, reserved 1179648K
  class space    used 16257K, committed 17408K, reserved 1048576K
}
Event: 26.041 GC heap after
{Heap after GC invocations=51 (full 0):
 garbage-first heap   total 299008K, used 159744K [0x0000000080000000, 0x0000000100000000)
  region size 1024K, 6 young (6144K), 6 survivors (6144K)
 Metaspace       used 120643K, committed 122880K, reserved 1179648K
  class space    used 16257K, committed 17408K, reserved 1048576K
}
Event: 27.304 GC heap before
{Heap before GC invocations=51 (full 0):
 garbage-first heap   total 299008K, used 242688K [0x0000000080000000, 0x0000000100000000)
  region size 1024K, 88 young (90112K), 6 survivors (6144K)
 Metaspace       used 123272K, committed 125504K, reserved 1179648K
  class space    used 16521K, committed 17664K, reserved 1048576K
}
Event: 27.330 GC heap after
{Heap after GC invocations=52 (full 0):
 garbage-first heap   total 299008K, used 166350K [0x0000000080000000, 0x0000000100000000)
  region size 1024K, 11 young (11264K), 11 survivors (11264K)
 Metaspace       used 123272K, committed 125504K, reserved 1179648K
  class space    used 16521K, committed 17664K, reserved 1048576K
}
Event: 28.615 GC heap before
{Heap before GC invocations=52 (full 0):
 garbage-first heap   total 299008K, used 253390K [0x0000000080000000, 0x0000000100000000)
  region size 1024K, 97 young (99328K), 11 survivors (11264K)
 Metaspace       used 123640K, committed 125888K, reserved 1179648K
  class space    used 16553K, committed 17664K, reserved 1048576K
}
Event: 28.625 GC heap after
{Heap after GC invocations=53 (full 0):
 garbage-first heap   total 299008K, used 163860K [0x0000000080000000, 0x0000000100000000)
  region size 1024K, 6 young (6144K), 6 survivors (6144K)
 Metaspace       used 123640K, committed 125888K, reserved 1179648K
  class space    used 16553K, committed 17664K, reserved 1048576K
}
Event: 30.098 GC heap before
{Heap before GC invocations=53 (full 0):
 garbage-first heap   total 299008K, used 261140K [0x0000000080000000, 0x0000000100000000)
  region size 1024K, 102 young (104448K), 6 survivors (6144K)
 Metaspace       used 125958K, committed 128256K, reserved 1179648K
  class space    used 16829K, committed 17984K, reserved 1048576K
}
Event: 30.119 GC heap after
{Heap after GC invocations=54 (full 0):
 garbage-first heap   total 299008K, used 171045K [0x0000000080000000, 0x0000000100000000)
  region size 1024K, 13 young (13312K), 13 survivors (13312K)
 Metaspace       used 125958K, committed 128256K, reserved 1179648K
  class space    used 16829K, committed 17984K, reserved 1048576K
}

